<?xml version="1.0" encoding="UTF-8"?>
<coverage generated="1704453239515" clover="3.2.0">
  <project timestamp="1704453239516" name="All files">
    <metrics statements="96" coveredstatements="86" conditionals="65" coveredconditionals="43" methods="37" coveredmethods="34" elements="198" coveredelements="163" complexity="0" loc="96" ncloc="96" packages="4" files="7" classes="7"/>
    <package name="components.Modal">
      <metrics statements="2" coveredstatements="2" conditionals="0" coveredconditionals="0" methods="1" coveredmethods="1"/>
      <file name="Modal.tsx" path="D:\Projects\Engineer AI\assignment\src\components\Modal\Modal.tsx">
        <metrics statements="2" coveredstatements="2" conditionals="0" coveredconditionals="0" methods="1" coveredmethods="1"/>
        <line num="24" count="18" type="stmt"/>
        <line num="26" count="18" type="stmt"/>
      </file>
    </package>
    <package name="components.Table">
      <metrics statements="12" coveredstatements="12" conditionals="30" coveredconditionals="20" methods="7" coveredmethods="7"/>
      <file name="Table.constants.ts" path="D:\Projects\Engineer AI\assignment\src\components\Table\Table.constants.ts">
        <metrics statements="2" coveredstatements="2" conditionals="0" coveredconditionals="0" methods="0" coveredmethods="0"/>
        <line num="1" count="1" type="stmt"/>
        <line num="17" count="1" type="stmt"/>
      </file>
      <file name="Table.interface.ts" path="D:\Projects\Engineer AI\assignment\src\components\Table\Table.interface.ts">
        <metrics statements="0" coveredstatements="0" conditionals="0" coveredconditionals="0" methods="0" coveredmethods="0"/>
      </file>
      <file name="Table.tsx" path="D:\Projects\Engineer AI\assignment\src\components\Table\Table.tsx">
        <metrics statements="10" coveredstatements="10" conditionals="30" coveredconditionals="20" methods="7" coveredmethods="7"/>
        <line num="43" count="18" type="stmt"/>
        <line num="45" count="18" type="stmt"/>
        <line num="59" count="1" type="stmt"/>
        <line num="66" count="72" type="stmt"/>
        <line num="71" count="1" type="cond" truecount="3" falsecount="1"/>
        <line num="79" count="1" type="cond" truecount="1" falsecount="1"/>
        <line num="83" count="1" type="cond" truecount="2" falsecount="0"/>
        <line num="135" count="90" type="stmt"/>
        <line num="138" count="360" type="stmt"/>
        <line num="158" count="1" type="stmt"/>
      </file>
    </package>
    <package name="constants">
      <metrics statements="7" coveredstatements="7" conditionals="0" coveredconditionals="0" methods="0" coveredmethods="0"/>
      <file name="global.ts" path="D:\Projects\Engineer AI\assignment\src\constants\global.ts">
        <metrics statements="7" coveredstatements="7" conditionals="0" coveredconditionals="0" methods="0" coveredmethods="0"/>
        <line num="1" count="1" type="stmt"/>
        <line num="2" count="1" type="stmt"/>
        <line num="3" count="1" type="stmt"/>
        <line num="4" count="1" type="stmt"/>
        <line num="5" count="1" type="stmt"/>
        <line num="10" count="1" type="stmt"/>
        <line num="12" count="1" type="stmt"/>
      </file>
    </package>
    <package name="pages.Posts">
      <metrics statements="75" coveredstatements="65" conditionals="35" coveredconditionals="23" methods="29" coveredmethods="26"/>
      <file name="Posts.web.tsx" path="D:\Projects\Engineer AI\assignment\src\pages\Posts\Posts.web.tsx">
        <metrics statements="9" coveredstatements="9" conditionals="0" coveredconditionals="0" methods="7" coveredmethods="7"/>
        <line num="17" count="18" type="stmt"/>
        <line num="19" count="18" type="stmt"/>
        <line num="25" count="1" type="stmt"/>
        <line num="31" count="5" type="stmt"/>
        <line num="47" count="1" type="stmt"/>
        <line num="48" count="1" type="stmt"/>
        <line num="53" count="1" type="stmt"/>
        <line num="56" count="1" type="stmt"/>
        <line num="59" count="1" type="stmt"/>
      </file>
      <file name="PostsController.ts" path="D:\Projects\Engineer AI\assignment\src\pages\Posts\PostsController.ts">
        <metrics statements="66" coveredstatements="56" conditionals="35" coveredconditionals="23" methods="22" coveredmethods="19"/>
        <line num="26" count="5" type="stmt"/>
        <line num="27" count="5" type="stmt"/>
        <line num="44" count="5" type="stmt"/>
        <line num="45" count="5" type="stmt"/>
        <line num="46" count="5" type="stmt"/>
        <line num="47" count="5" type="stmt"/>
        <line num="48" count="5" type="stmt"/>
        <line num="49" count="5" type="stmt"/>
        <line num="53" count="5" type="stmt"/>
        <line num="54" count="5" type="stmt"/>
        <line num="57" count="5" type="stmt"/>
        <line num="58" count="0" type="stmt"/>
        <line num="59" count="0" type="stmt"/>
        <line num="67" count="13" type="stmt"/>
        <line num="68" count="13" type="stmt"/>
        <line num="71" count="13" type="cond" truecount="2" falsecount="0"/>
        <line num="79" count="3" type="stmt"/>
        <line num="81" count="3" type="stmt"/>
        <line num="82" count="3" type="cond" truecount="2" falsecount="0"/>
        <line num="83" count="3" type="stmt"/>
        <line num="84" count="3" type="stmt"/>
        <line num="87" count="3" type="cond" truecount="2" falsecount="0"/>
        <line num="90" count="0" type="cond" truecount="0" falsecount="2"/>
        <line num="104" count="0" type="stmt"/>
        <line num="106" count="0" type="stmt"/>
        <line num="109" count="3" type="stmt"/>
        <line num="110" count="62" type="stmt"/>
        <line num="111" count="62" type="stmt"/>
        <line num="113" count="62" type="cond" truecount="1" falsecount="1"/>
        <line num="114" count="62" type="stmt"/>
        <line num="115" count="0" type="cond" truecount="0" falsecount="2"/>
        <line num="116" count="0" type="stmt"/>
        <line num="118" count="0" type="stmt"/>
        <line num="122" count="3" type="stmt"/>
        <line num="123" count="30" type="cond" truecount="2" falsecount="0"/>
        <line num="124" count="10" type="stmt"/>
        <line num="128" count="3" type="stmt"/>
        <line num="150" count="5" type="stmt"/>
        <line num="151" count="100" type="stmt"/>
        <line num="158" count="5" type="cond" truecount="3" falsecount="1"/>
        <line num="159" count="5" type="stmt"/>
        <line num="161" count="0" type="stmt"/>
        <line num="166" count="5" type="stmt"/>
        <line num="167" count="5" type="stmt"/>
        <line num="168" count="5" type="stmt"/>
        <line num="169" count="5" type="stmt"/>
        <line num="170" count="5" type="stmt"/>
        <line num="171" count="100" type="stmt"/>
        <line num="172" count="0" type="stmt"/>
        <line num="174" count="100" type="stmt"/>
        <line num="176" count="5" type="stmt"/>
        <line num="178" count="5" type="stmt"/>
        <line num="179" count="50" type="cond" truecount="1" falsecount="1"/>
        <line num="180" count="50" type="stmt"/>
        <line num="184" count="5" type="stmt"/>
        <line num="202" count="1" type="stmt"/>
        <line num="203" count="1" type="stmt"/>
        <line num="211" count="1" type="stmt"/>
        <line num="212" count="1" type="stmt"/>
        <line num="213" count="1" type="stmt"/>
        <line num="226" count="1" type="stmt"/>
        <line num="227" count="1" type="stmt"/>
        <line num="230" count="1" type="cond" truecount="1" falsecount="1"/>
        <line num="231" count="1" type="stmt"/>
        <line num="239" count="1" type="stmt"/>
        <line num="246" count="1" type="stmt"/>
      </file>
    </package>
  </project>
</coverage>
