{"D:\\Projects\\Engineer AI\\assignment\\src\\components\\Modal\\Modal.tsx": {"path":"D:\\Projects\\Engineer AI\\assignment\\src\\components\\Modal\\Modal.tsx","statementMap":{"0":{"start":{"line":24,"column":17},"end":{"line":24,"column":33}},"1":{"start":{"line":26,"column":1},"end":{"line":52,"column":3}}},"fnMap":{"0":{"name":"CustomModal","decl":{"start":{"line":18,"column":24},"end":{"line":18,"column":35}},"loc":{"start":{"line":22,"column":28},"end":{"line":53,"column":1}},"line":22}},"branchMap":{},"s":{"0":18,"1":18},"f":{"0":18},"b":{},"_coverageSchema":"1a1c01bbd47fc00a2c39e90264f33305004495a9","hash":"835d32f7138ce2391d38aa6cf4b1eaa7a6028050"}
,"D:\\Projects\\Engineer AI\\assignment\\src\\components\\Table\\Table.constants.ts": {"path":"D:\\Projects\\Engineer AI\\assignment\\src\\components\\Table\\Table.constants.ts","statementMap":{"0":{"start":{"line":1,"column":38},"end":{"line":15,"column":1}},"1":{"start":{"line":17,"column":26},"end":{"line":20,"column":10}}},"fnMap":{},"branchMap":{},"s":{"0":1,"1":1},"f":{},"b":{},"_coverageSchema":"1a1c01bbd47fc00a2c39e90264f33305004495a9","hash":"57c9064b5fc08c79c110908b16497b5c29e938f1"}
,"D:\\Projects\\Engineer AI\\assignment\\src\\components\\Table\\Table.interface.ts": {"path":"D:\\Projects\\Engineer AI\\assignment\\src\\components\\Table\\Table.interface.ts","statementMap":{},"fnMap":{},"branchMap":{},"s":{},"f":{},"b":{},"_coverageSchema":"1a1c01bbd47fc00a2c39e90264f33305004495a9","hash":"a8f550c1a6a6dca10bdbcace04e91e623a1c3ad3"}
,"D:\\Projects\\Engineer AI\\assignment\\src\\components\\Table\\Table.tsx": {"path":"D:\\Projects\\Engineer AI\\assignment\\src\\components\\Table\\Table.tsx","statementMap":{"0":{"start":{"line":43,"column":17},"end":{"line":43,"column":33}},"1":{"start":{"line":45,"column":1},"end":{"line":185,"column":3}},"2":{"start":{"line":59,"column":5},"end":{"line":59,"column":30}},"3":{"start":{"line":66,"column":7},"end":{"line":122,"column":19}},"4":{"start":{"line":71,"column":10},"end":{"line":77,"column":29}},"5":{"start":{"line":79,"column":10},"end":{"line":81,"column":27}},"6":{"start":{"line":83,"column":9},"end":{"line":87,"column":13}},"7":{"start":{"line":135,"column":6},"end":{"line":165,"column":8}},"8":{"start":{"line":138,"column":9},"end":{"line":147,"column":11}},"9":{"start":{"line":158,"column":26},"end":{"line":158,"column":52}}},"fnMap":{"0":{"name":"CustomTable","decl":{"start":{"line":28,"column":24},"end":{"line":28,"column":35}},"loc":{"start":{"line":42,"column":28},"end":{"line":186,"column":1}},"line":42},"1":{"name":"(anonymous_1)","decl":{"start":{"line":58,"column":14},"end":{"line":58,"column":15}},"loc":{"start":{"line":58,"column":21},"end":{"line":60,"column":5}},"line":58},"2":{"name":"(anonymous_2)","decl":{"start":{"line":65,"column":20},"end":{"line":65,"column":21}},"loc":{"start":{"line":66,"column":7},"end":{"line":122,"column":19}},"line":66},"3":{"name":"(anonymous_3)","decl":{"start":{"line":69,"column":17},"end":{"line":69,"column":18}},"loc":{"start":{"line":69,"column":23},"end":{"line":88,"column":9}},"line":69},"4":{"name":"(anonymous_4)","decl":{"start":{"line":134,"column":16},"end":{"line":134,"column":17}},"loc":{"start":{"line":134,"column":35},"end":{"line":166,"column":6}},"line":134},"5":{"name":"(anonymous_5)","decl":{"start":{"line":137,"column":21},"end":{"line":137,"column":22}},"loc":{"start":{"line":137,"column":46},"end":{"line":148,"column":9}},"line":137},"6":{"name":"(anonymous_6)","decl":{"start":{"line":158,"column":20},"end":{"line":158,"column":21}},"loc":{"start":{"line":158,"column":26},"end":{"line":158,"column":52}},"line":158}},"branchMap":{"0":{"loc":{"start":{"line":71,"column":10},"end":{"line":77,"column":29}},"type":"cond-expr","locations":[{"start":{"line":73,"column":13},"end":{"line":73,"column":27}},{"start":{"line":74,"column":13},"end":{"line":77,"column":29}}],"line":71},"1":{"loc":{"start":{"line":71,"column":10},"end":{"line":72,"column":39}},"type":"binary-expr","locations":[{"start":{"line":71,"column":10},"end":{"line":71,"column":38}},{"start":{"line":72,"column":10},"end":{"line":72,"column":39}}],"line":71},"2":{"loc":{"start":{"line":74,"column":13},"end":{"line":77,"column":29}},"type":"cond-expr","locations":[{"start":{"line":76,"column":14},"end":{"line":76,"column":29}},{"start":{"line":77,"column":14},"end":{"line":77,"column":29}}],"line":74},"3":{"loc":{"start":{"line":74,"column":13},"end":{"line":75,"column":43}},"type":"binary-expr","locations":[{"start":{"line":74,"column":13},"end":{"line":74,"column":41}},{"start":{"line":75,"column":14},"end":{"line":75,"column":43}}],"line":74},"4":{"loc":{"start":{"line":79,"column":10},"end":{"line":81,"column":27}},"type":"cond-expr","locations":[{"start":{"line":80,"column":13},"end":{"line":80,"column":28}},{"start":{"line":81,"column":13},"end":{"line":81,"column":27}}],"line":79},"5":{"loc":{"start":{"line":83,"column":9},"end":{"line":87,"column":12}},"type":"binary-expr","locations":[{"start":{"line":83,"column":9},"end":{"line":83,"column":35}},{"start":{"line":84,"column":10},"end":{"line":87,"column":12}}],"line":83},"6":{"loc":{"start":{"line":92,"column":10},"end":{"line":120,"column":10}},"type":"cond-expr","locations":[{"start":{"line":93,"column":10},"end":{"line":117,"column":13}},{"start":{"line":119,"column":10},"end":{"line":119,"column":15}}],"line":92},"7":{"loc":{"start":{"line":94,"column":12},"end":{"line":116,"column":12}},"type":"cond-expr","locations":[{"start":{"line":95,"column":12},"end":{"line":100,"column":14}},{"start":{"line":101,"column":15},"end":{"line":116,"column":12}}],"line":94},"8":{"loc":{"start":{"line":94,"column":12},"end":{"line":94,"column":64}},"type":"binary-expr","locations":[{"start":{"line":94,"column":12},"end":{"line":94,"column":40}},{"start":{"line":94,"column":44},"end":{"line":94,"column":64}}],"line":94},"9":{"loc":{"start":{"line":101,"column":15},"end":{"line":116,"column":12}},"type":"cond-expr","locations":[{"start":{"line":103,"column":12},"end":{"line":108,"column":14}},{"start":{"line":110,"column":12},"end":{"line":115,"column":14}}],"line":101},"10":{"loc":{"start":{"line":101,"column":15},"end":{"line":102,"column":34}},"type":"binary-expr","locations":[{"start":{"line":101,"column":15},"end":{"line":101,"column":43}},{"start":{"line":102,"column":13},"end":{"line":102,"column":34}}],"line":101},"11":{"loc":{"start":{"line":124,"column":7},"end":{"line":130,"column":7}},"type":"binary-expr","locations":[{"start":{"line":124,"column":8},"end":{"line":124,"column":28}},{"start":{"line":125,"column":7},"end":{"line":125,"column":27}},{"start":{"line":126,"column":7},"end":{"line":126,"column":29}},{"start":{"line":127,"column":7},"end":{"line":129,"column":19}}],"line":124},"12":{"loc":{"start":{"line":149,"column":9},"end":{"line":163,"column":9}},"type":"binary-expr","locations":[{"start":{"line":149,"column":10},"end":{"line":149,"column":30}},{"start":{"line":150,"column":9},"end":{"line":150,"column":29}},{"start":{"line":151,"column":9},"end":{"line":151,"column":31}},{"start":{"line":152,"column":9},"end":{"line":162,"column":21}}],"line":149}},"s":{"0":18,"1":18,"2":1,"3":72,"4":1,"5":1,"6":1,"7":90,"8":360,"9":1},"f":{"0":18,"1":1,"2":72,"3":1,"4":90,"5":360,"6":1},"b":{"0":[1,0],"1":[1,1],"2":[0,0],"3":[0,0],"4":[1,0],"5":[1,1],"6":[54,18],"7":[15,39],"8":[54,18],"9":[3,36],"10":[39,3],"11":[18,0,0,18],"12":[90,0,0,90]},"_coverageSchema":"1a1c01bbd47fc00a2c39e90264f33305004495a9","hash":"c7f4a928e7636ef999846ec66558b154f3b5e439"}
,"D:\\Projects\\Engineer AI\\assignment\\src\\constants\\global.ts": {"path":"D:\\Projects\\Engineer AI\\assignment\\src\\constants\\global.ts","statementMap":{"0":{"start":{"line":1,"column":26},"end":{"line":1,"column":28}},"1":{"start":{"line":2,"column":25},"end":{"line":2,"column":26}},"2":{"start":{"line":3,"column":26},"end":{"line":3,"column":27}},"3":{"start":{"line":4,"column":33},"end":{"line":4,"column":35}},"4":{"start":{"line":5,"column":26},"end":{"line":8,"column":10}},"5":{"start":{"line":10,"column":28},"end":{"line":10,"column":36}},"6":{"start":{"line":12,"column":23},"end":{"line":17,"column":1}}},"fnMap":{},"branchMap":{},"s":{"0":1,"1":1,"2":1,"3":1,"4":1,"5":1,"6":1},"f":{},"b":{},"_coverageSchema":"1a1c01bbd47fc00a2c39e90264f33305004495a9","hash":"7a93359ae501173e98c48a9afe3a758f6e1800dc"}
,"D:\\Projects\\Engineer AI\\assignment\\src\\pages\\Posts\\Posts.web.tsx": {"path":"D:\\Projects\\Engineer AI\\assignment\\src\\pages\\Posts\\Posts.web.tsx","statementMap":{"0":{"start":{"line":17,"column":22},"end":{"line":17,"column":32}},"1":{"start":{"line":19,"column":2},"end":{"line":63,"column":4}},"2":{"start":{"line":25,"column":6},"end":{"line":25,"column":30}},"3":{"start":{"line":31,"column":8},"end":{"line":34,"column":13}},"4":{"start":{"line":47,"column":20},"end":{"line":47,"column":61}},"5":{"start":{"line":48,"column":6},"end":{"line":48,"column":51}},"6":{"start":{"line":53,"column":6},"end":{"line":53,"column":41}},"7":{"start":{"line":56,"column":6},"end":{"line":56,"column":37}},"8":{"start":{"line":59,"column":6},"end":{"line":59,"column":26}}},"fnMap":{"0":{"name":"(anonymous_0)","decl":{"start":{"line":16,"column":1},"end":{"line":16,"column":2}},"loc":{"start":{"line":16,"column":21},"end":{"line":64,"column":2}},"line":16},"1":{"name":"(anonymous_1)","decl":{"start":{"line":24,"column":14},"end":{"line":24,"column":15}},"loc":{"start":{"line":24,"column":20},"end":{"line":26,"column":6}},"line":24},"2":{"name":"(anonymous_2)","decl":{"start":{"line":30,"column":49},"end":{"line":30,"column":50}},"loc":{"start":{"line":31,"column":8},"end":{"line":34,"column":13}},"line":31},"3":{"name":"(anonymous_3)","decl":{"start":{"line":46,"column":19},"end":{"line":46,"column":20}},"loc":{"start":{"line":46,"column":38},"end":{"line":49,"column":6}},"line":46},"4":{"name":"(anonymous_4)","decl":{"start":{"line":52,"column":13},"end":{"line":52,"column":14}},"loc":{"start":{"line":52,"column":36},"end":{"line":54,"column":6}},"line":52},"5":{"name":"(anonymous_5)","decl":{"start":{"line":55,"column":15},"end":{"line":55,"column":16}},"loc":{"start":{"line":55,"column":32},"end":{"line":57,"column":6}},"line":55},"6":{"name":"(anonymous_6)","decl":{"start":{"line":58,"column":13},"end":{"line":58,"column":14}},"loc":{"start":{"line":58,"column":21},"end":{"line":60,"column":6}},"line":58}},"branchMap":{},"s":{"0":18,"1":18,"2":1,"3":5,"4":1,"5":1,"6":1,"7":1,"8":1},"f":{"0":18,"1":1,"2":5,"3":1,"4":1,"5":1,"6":1},"b":{},"_coverageSchema":"1a1c01bbd47fc00a2c39e90264f33305004495a9","hash":"e0b4b875caefbc1a99dfe999a6b74e7db5395e91"}
,"D:\\Projects\\Engineer AI\\assignment\\src\\pages\\Posts\\PostsController.ts": {"path":"D:\\Projects\\Engineer AI\\assignment\\src\\pages\\Posts\\PostsController.ts","statementMap":{"0":{"start":{"line":26,"column":2},"end":{"line":26,"column":15}},"1":{"start":{"line":27,"column":2},"end":{"line":43,"column":4}},"2":{"start":{"line":44,"column":2},"end":{"line":44,"column":59}},"3":{"start":{"line":45,"column":2},"end":{"line":45,"column":47}},"4":{"start":{"line":46,"column":2},"end":{"line":46,"column":51}},"5":{"start":{"line":47,"column":2},"end":{"line":47,"column":47}},"6":{"start":{"line":48,"column":2},"end":{"line":48,"column":59}},"7":{"start":{"line":49,"column":2},"end":{"line":49,"column":53}},"8":{"start":{"line":53,"column":13},"end":{"line":53,"column":22}},"9":{"start":{"line":54,"column":2},"end":{"line":54,"column":33}},"10":{"start":{"line":57,"column":2},"end":{"line":60,"column":19}},"11":{"start":{"line":58,"column":3},"end":{"line":58,"column":34}},"12":{"start":{"line":59,"column":3},"end":{"line":59,"column":19}},"13":{"start":{"line":67,"column":25},"end":{"line":67,"column":40}},"14":{"start":{"line":68,"column":28},"end":{"line":68,"column":44}},"15":{"start":{"line":71,"column":2},"end":{"line":138,"column":3}},"16":{"start":{"line":79,"column":4},"end":{"line":79,"column":64}},"17":{"start":{"line":81,"column":34},"end":{"line":81,"column":36}},"18":{"start":{"line":82,"column":16},"end":{"line":82,"column":64}},"19":{"start":{"line":83,"column":22},"end":{"line":83,"column":58}},"20":{"start":{"line":84,"column":20},"end":{"line":84,"column":62}},"21":{"start":{"line":87,"column":4},"end":{"line":107,"column":8}},"22":{"start":{"line":90,"column":7},"end":{"line":105,"column":8}},"23":{"start":{"line":104,"column":8},"end":{"line":104,"column":20}},"24":{"start":{"line":106,"column":7},"end":{"line":106,"column":20}},"25":{"start":{"line":109,"column":22},"end":{"line":120,"column":5}},"26":{"start":{"line":110,"column":19},"end":{"line":110,"column":73}},"27":{"start":{"line":111,"column":19},"end":{"line":111,"column":73}},"28":{"start":{"line":113,"column":4},"end":{"line":119,"column":5}},"29":{"start":{"line":114,"column":5},"end":{"line":114,"column":42}},"30":{"start":{"line":115,"column":11},"end":{"line":119,"column":5}},"31":{"start":{"line":116,"column":5},"end":{"line":116,"column":42}},"32":{"start":{"line":118,"column":5},"end":{"line":118,"column":14}},"33":{"start":{"line":122,"column":3},"end":{"line":126,"column":4}},"34":{"start":{"line":122,"column":16},"end":{"line":122,"column":26}},"35":{"start":{"line":123,"column":4},"end":{"line":125,"column":5}},"36":{"start":{"line":124,"column":5},"end":{"line":124,"column":35}},"37":{"start":{"line":128,"column":3},"end":{"line":137,"column":7}},"38":{"start":{"line":128,"column":33},"end":{"line":137,"column":4}},"39":{"start":{"line":150,"column":23},"end":{"line":150,"column":49}},"40":{"start":{"line":151,"column":17},"end":{"line":157,"column":5}},"41":{"start":{"line":151,"column":77},"end":{"line":157,"column":3}},"42":{"start":{"line":158,"column":2},"end":{"line":160,"column":3}},"43":{"start":{"line":159,"column":3},"end":{"line":159,"column":17}},"44":{"start":{"line":161,"column":2},"end":{"line":161,"column":12}},"45":{"start":{"line":166,"column":20},"end":{"line":166,"column":37}},"46":{"start":{"line":167,"column":21},"end":{"line":167,"column":38}},"47":{"start":{"line":168,"column":19},"end":{"line":168,"column":42}},"48":{"start":{"line":169,"column":18},"end":{"line":169,"column":45}},"49":{"start":{"line":170,"column":21},"end":{"line":175,"column":4}},"50":{"start":{"line":171,"column":27},"end":{"line":173,"column":4}},"51":{"start":{"line":172,"column":17},"end":{"line":172,"column":42}},"52":{"start":{"line":174,"column":3},"end":{"line":174,"column":39}},"53":{"start":{"line":176,"column":21},"end":{"line":176,"column":59}},"54":{"start":{"line":178,"column":2},"end":{"line":182,"column":3}},"55":{"start":{"line":178,"column":15},"end":{"line":178,"column":25}},"56":{"start":{"line":179,"column":3},"end":{"line":181,"column":4}},"57":{"start":{"line":180,"column":4},"end":{"line":180,"column":47}},"58":{"start":{"line":184,"column":2},"end":{"line":195,"column":6}},"59":{"start":{"line":184,"column":32},"end":{"line":195,"column":3}},"60":{"start":{"line":202,"column":2},"end":{"line":207,"column":5}},"61":{"start":{"line":203,"column":3},"end":{"line":206,"column":5}},"62":{"start":{"line":211,"column":2},"end":{"line":211,"column":32}},"63":{"start":{"line":212,"column":2},"end":{"line":212,"column":30}},"64":{"start":{"line":213,"column":2},"end":{"line":222,"column":6}},"65":{"start":{"line":213,"column":32},"end":{"line":222,"column":3}},"66":{"start":{"line":226,"column":19},"end":{"line":228,"column":3}},"67":{"start":{"line":227,"column":38},"end":{"line":227,"column":72}},"68":{"start":{"line":230,"column":2},"end":{"line":235,"column":3}},"69":{"start":{"line":231,"column":3},"end":{"line":234,"column":6}},"70":{"start":{"line":239,"column":2},"end":{"line":242,"column":5}},"71":{"start":{"line":246,"column":2},"end":{"line":252,"column":6}},"72":{"start":{"line":246,"column":32},"end":{"line":252,"column":3}}},"fnMap":{"0":{"name":"(anonymous_0)","decl":{"start":{"line":25,"column":1},"end":{"line":25,"column":2}},"loc":{"start":{"line":25,"column":32},"end":{"line":50,"column":2}},"line":25},"1":{"name":"(anonymous_1)","decl":{"start":{"line":52,"column":1},"end":{"line":52,"column":2}},"loc":{"start":{"line":52,"column":42},"end":{"line":61,"column":2}},"line":52},"2":{"name":"(anonymous_2)","decl":{"start":{"line":57,"column":14},"end":{"line":57,"column":15}},"loc":{"start":{"line":57,"column":41},"end":{"line":60,"column":3}},"line":57},"3":{"name":"(anonymous_3)","decl":{"start":{"line":63,"column":1},"end":{"line":63,"column":2}},"loc":{"start":{"line":66,"column":9},"end":{"line":139,"column":2}},"line":66},"4":{"name":"(anonymous_4)","decl":{"start":{"line":89,"column":33},"end":{"line":89,"column":34}},"loc":{"start":{"line":89,"column":68},"end":{"line":107,"column":7}},"line":89},"5":{"name":"(anonymous_5)","decl":{"start":{"line":109,"column":40},"end":{"line":109,"column":41}},"loc":{"start":{"line":109,"column":50},"end":{"line":120,"column":4}},"line":109},"6":{"name":"(anonymous_6)","decl":{"start":{"line":128,"column":17},"end":{"line":128,"column":18}},"loc":{"start":{"line":128,"column":33},"end":{"line":137,"column":4}},"line":128},"7":{"name":"(anonymous_7)","decl":{"start":{"line":141,"column":1},"end":{"line":141,"column":2}},"loc":{"start":{"line":149,"column":3},"end":{"line":162,"column":2}},"line":149},"8":{"name":"(anonymous_8)","decl":{"start":{"line":151,"column":41},"end":{"line":151,"column":42}},"loc":{"start":{"line":151,"column":77},"end":{"line":157,"column":3}},"line":151},"9":{"name":"(anonymous_9)","decl":{"start":{"line":165,"column":1},"end":{"line":165,"column":2}},"loc":{"start":{"line":165,"column":50},"end":{"line":196,"column":2}},"line":165},"10":{"name":"(anonymous_10)","decl":{"start":{"line":170,"column":36},"end":{"line":170,"column":37}},"loc":{"start":{"line":170,"column":49},"end":{"line":175,"column":3}},"line":170},"11":{"name":"(anonymous_11)","decl":{"start":{"line":172,"column":4},"end":{"line":172,"column":5}},"loc":{"start":{"line":172,"column":17},"end":{"line":172,"column":42}},"line":172},"12":{"name":"(anonymous_12)","decl":{"start":{"line":184,"column":16},"end":{"line":184,"column":17}},"loc":{"start":{"line":184,"column":32},"end":{"line":195,"column":3}},"line":184},"13":{"name":"(anonymous_13)","decl":{"start":{"line":198,"column":1},"end":{"line":198,"column":2}},"loc":{"start":{"line":201,"column":9},"end":{"line":208,"column":2}},"line":201},"14":{"name":"(anonymous_14)","decl":{"start":{"line":202,"column":16},"end":{"line":202,"column":17}},"loc":{"start":{"line":202,"column":31},"end":{"line":207,"column":3}},"line":202},"15":{"name":"(anonymous_15)","decl":{"start":{"line":210,"column":1},"end":{"line":210,"column":2}},"loc":{"start":{"line":210,"column":49},"end":{"line":223,"column":2}},"line":210},"16":{"name":"(anonymous_16)","decl":{"start":{"line":213,"column":16},"end":{"line":213,"column":17}},"loc":{"start":{"line":213,"column":32},"end":{"line":222,"column":3}},"line":213},"17":{"name":"(anonymous_17)","decl":{"start":{"line":225,"column":1},"end":{"line":225,"column":2}},"loc":{"start":{"line":225,"column":34},"end":{"line":236,"column":2}},"line":225},"18":{"name":"(anonymous_18)","decl":{"start":{"line":227,"column":3},"end":{"line":227,"column":4}},"loc":{"start":{"line":227,"column":38},"end":{"line":227,"column":72}},"line":227},"19":{"name":"(anonymous_19)","decl":{"start":{"line":238,"column":1},"end":{"line":238,"column":2}},"loc":{"start":{"line":238,"column":26},"end":{"line":243,"column":2}},"line":238},"20":{"name":"(anonymous_20)","decl":{"start":{"line":245,"column":1},"end":{"line":245,"column":2}},"loc":{"start":{"line":245,"column":41},"end":{"line":253,"column":2}},"line":245},"21":{"name":"(anonymous_21)","decl":{"start":{"line":246,"column":16},"end":{"line":246,"column":17}},"loc":{"start":{"line":246,"column":32},"end":{"line":252,"column":3}},"line":246}},"branchMap":{"0":{"loc":{"start":{"line":71,"column":2},"end":{"line":138,"column":3}},"type":"if","locations":[{"start":{"line":71,"column":2},"end":{"line":138,"column":3}},{"start":{},"end":{}}],"line":71},"1":{"loc":{"start":{"line":72,"column":3},"end":{"line":76,"column":63}},"type":"binary-expr","locations":[{"start":{"line":72,"column":3},"end":{"line":72,"column":63}},{"start":{"line":73,"column":3},"end":{"line":73,"column":63}},{"start":{"line":74,"column":3},"end":{"line":74,"column":61}},{"start":{"line":75,"column":3},"end":{"line":75,"column":49}},{"start":{"line":76,"column":3},"end":{"line":76,"column":63}}],"line":72},"2":{"loc":{"start":{"line":82,"column":16},"end":{"line":82,"column":64}},"type":"cond-expr","locations":[{"start":{"line":82,"column":30},"end":{"line":82,"column":39}},{"start":{"line":82,"column":42},"end":{"line":82,"column":64}}],"line":82},"3":{"loc":{"start":{"line":87,"column":4},"end":{"line":107,"column":8}},"type":"cond-expr","locations":[{"start":{"line":88,"column":7},"end":{"line":88,"column":25}},{"start":{"line":89,"column":7},"end":{"line":107,"column":8}}],"line":87},"4":{"loc":{"start":{"line":90,"column":7},"end":{"line":105,"column":8}},"type":"if","locations":[{"start":{"line":90,"column":7},"end":{"line":105,"column":8}},{"start":{},"end":{}}],"line":90},"5":{"loc":{"start":{"line":91,"column":8},"end":{"line":102,"column":59}},"type":"binary-expr","locations":[{"start":{"line":91,"column":8},"end":{"line":93,"column":59}},{"start":{"line":94,"column":8},"end":{"line":96,"column":59}},{"start":{"line":97,"column":8},"end":{"line":99,"column":59}},{"start":{"line":100,"column":8},"end":{"line":102,"column":59}}],"line":91},"6":{"loc":{"start":{"line":113,"column":4},"end":{"line":119,"column":5}},"type":"if","locations":[{"start":{"line":113,"column":4},"end":{"line":119,"column":5}},{"start":{"line":115,"column":11},"end":{"line":119,"column":5}}],"line":113},"7":{"loc":{"start":{"line":115,"column":11},"end":{"line":119,"column":5}},"type":"if","locations":[{"start":{"line":115,"column":11},"end":{"line":119,"column":5}},{"start":{"line":117,"column":11},"end":{"line":119,"column":5}}],"line":115},"8":{"loc":{"start":{"line":123,"column":4},"end":{"line":125,"column":5}},"type":"if","locations":[{"start":{"line":123,"column":4},"end":{"line":125,"column":5}},{"start":{},"end":{}}],"line":123},"9":{"loc":{"start":{"line":158,"column":2},"end":{"line":160,"column":3}},"type":"if","locations":[{"start":{"line":158,"column":2},"end":{"line":160,"column":3}},{"start":{},"end":{}}],"line":158},"10":{"loc":{"start":{"line":158,"column":6},"end":{"line":158,"column":47}},"type":"binary-expr","locations":[{"start":{"line":158,"column":6},"end":{"line":158,"column":26}},{"start":{"line":158,"column":30},"end":{"line":158,"column":47}}],"line":158},"11":{"loc":{"start":{"line":179,"column":3},"end":{"line":181,"column":4}},"type":"if","locations":[{"start":{"line":179,"column":3},"end":{"line":181,"column":4}},{"start":{},"end":{}}],"line":179},"12":{"loc":{"start":{"line":190,"column":8},"end":{"line":192,"column":5}},"type":"binary-expr","locations":[{"start":{"line":190,"column":8},"end":{"line":190,"column":43}},{"start":{"line":190,"column":47},"end":{"line":192,"column":5}}],"line":190},"13":{"loc":{"start":{"line":193,"column":8},"end":{"line":193,"column":49}},"type":"binary-expr","locations":[{"start":{"line":193,"column":8},"end":{"line":193,"column":26}},{"start":{"line":193,"column":30},"end":{"line":193,"column":49}}],"line":193},"14":{"loc":{"start":{"line":230,"column":2},"end":{"line":235,"column":3}},"type":"if","locations":[{"start":{"line":230,"column":2},"end":{"line":235,"column":3}},{"start":{},"end":{}}],"line":230}},"s":{"0":5,"1":5,"2":5,"3":5,"4":5,"5":5,"6":5,"7":5,"8":5,"9":5,"10":5,"11":0,"12":0,"13":13,"14":13,"15":13,"16":3,"17":3,"18":3,"19":3,"20":3,"21":3,"22":0,"23":0,"24":0,"25":3,"26":62,"27":62,"28":62,"29":62,"30":0,"31":0,"32":0,"33":3,"34":3,"35":30,"36":10,"37":3,"38":3,"39":5,"40":5,"41":100,"42":5,"43":5,"44":0,"45":5,"46":5,"47":5,"48":5,"49":5,"50":100,"51":0,"52":100,"53":5,"54":5,"55":5,"56":50,"57":50,"58":5,"59":5,"60":1,"61":1,"62":1,"63":1,"64":1,"65":1,"66":1,"67":1,"68":1,"69":1,"70":1,"71":1,"72":1},"f":{"0":5,"1":5,"2":0,"3":13,"4":0,"5":62,"6":3,"7":5,"8":100,"9":5,"10":100,"11":0,"12":5,"13":1,"14":1,"15":1,"16":1,"17":1,"18":1,"19":1,"20":1,"21":1},"b":{"0":[3,10],"1":[13,12,12,11,10],"2":[1,2],"3":[2,1],"4":[0,0],"5":[0,0,0,0],"6":[62,0],"7":[0,0],"8":[10,20],"9":[5,0],"10":[5,5],"11":[50,0],"12":[5,4],"13":[5,5],"14":[1,0]},"_coverageSchema":"1a1c01bbd47fc00a2c39e90264f33305004495a9","hash":"78b0ac89a4de94e847896576867cea8bad0e2e65"}
}
