TN:
SF:src\components\Modal\Modal.tsx
FN:18,CustomModal
FNF:1
FNH:1
FNDA:18,CustomModal
DA:24,18
DA:26,18
LF:2
LH:2
BRF:0
BRH:0
end_of_record
TN:
SF:src\components\Table\Table.constants.ts
FNF:0
FNH:0
DA:1,1
DA:17,1
LF:2
LH:2
BRF:0
BRH:0
end_of_record
TN:
SF:src\components\Table\Table.interface.ts
FNF:0
FNH:0
LF:0
LH:0
BRF:0
BRH:0
end_of_record
TN:
SF:src\components\Table\Table.tsx
FN:28,CustomTable
FN:58,(anonymous_1)
FN:65,(anonymous_2)
FN:69,(anonymous_3)
FN:134,(anonymous_4)
FN:137,(anonymous_5)
FN:158,(anonymous_6)
FNF:7
FNH:7
FNDA:18,CustomTable
FNDA:1,(anonymous_1)
FNDA:72,(anonymous_2)
FNDA:1,(anonymous_3)
FNDA:90,(anonymous_4)
FNDA:360,(anonymous_5)
FNDA:1,(anonymous_6)
DA:43,18
DA:45,18
DA:59,1
DA:66,72
DA:71,1
DA:79,1
DA:83,1
DA:135,90
DA:138,360
DA:158,1
LF:10
LH:10
BRDA:71,0,0,1
BRDA:71,0,1,0
BRDA:71,1,0,1
BRDA:71,1,1,1
BRDA:74,2,0,0
BRDA:74,2,1,0
BRDA:74,3,0,0
BRDA:74,3,1,0
BRDA:79,4,0,1
BRDA:79,4,1,0
BRDA:83,5,0,1
BRDA:83,5,1,1
BRDA:92,6,0,54
BRDA:92,6,1,18
BRDA:94,7,0,15
BRDA:94,7,1,39
BRDA:94,8,0,54
BRDA:94,8,1,18
BRDA:101,9,0,3
BRDA:101,9,1,36
BRDA:101,10,0,39
BRDA:101,10,1,3
BRDA:124,11,0,18
BRDA:124,11,1,0
BRDA:124,11,2,0
BRDA:124,11,3,18
BRDA:149,12,0,90
BRDA:149,12,1,0
BRDA:149,12,2,0
BRDA:149,12,3,90
BRF:30
BRH:20
end_of_record
TN:
SF:src\constants\global.ts
FNF:0
FNH:0
DA:1,1
DA:2,1
DA:3,1
DA:4,1
DA:5,1
DA:10,1
DA:12,1
LF:7
LH:7
BRF:0
BRH:0
end_of_record
TN:
SF:src\pages\Posts\Posts.web.tsx
FN:16,(anonymous_0)
FN:24,(anonymous_1)
FN:30,(anonymous_2)
FN:46,(anonymous_3)
FN:52,(anonymous_4)
FN:55,(anonymous_5)
FN:58,(anonymous_6)
FNF:7
FNH:7
FNDA:18,(anonymous_0)
FNDA:1,(anonymous_1)
FNDA:5,(anonymous_2)
FNDA:1,(anonymous_3)
FNDA:1,(anonymous_4)
FNDA:1,(anonymous_5)
FNDA:1,(anonymous_6)
DA:17,18
DA:19,18
DA:25,1
DA:31,5
DA:47,1
DA:48,1
DA:53,1
DA:56,1
DA:59,1
LF:9
LH:9
BRF:0
BRH:0
end_of_record
TN:
SF:src\pages\Posts\PostsController.ts
FN:25,(anonymous_0)
FN:52,(anonymous_1)
FN:57,(anonymous_2)
FN:63,(anonymous_3)
FN:89,(anonymous_4)
FN:109,(anonymous_5)
FN:128,(anonymous_6)
FN:141,(anonymous_7)
FN:151,(anonymous_8)
FN:165,(anonymous_9)
FN:170,(anonymous_10)
FN:172,(anonymous_11)
FN:184,(anonymous_12)
FN:198,(anonymous_13)
FN:202,(anonymous_14)
FN:210,(anonymous_15)
FN:213,(anonymous_16)
FN:225,(anonymous_17)
FN:227,(anonymous_18)
FN:238,(anonymous_19)
FN:245,(anonymous_20)
FN:246,(anonymous_21)
FNF:22
FNH:19
FNDA:5,(anonymous_0)
FNDA:5,(anonymous_1)
FNDA:0,(anonymous_2)
FNDA:13,(anonymous_3)
FNDA:0,(anonymous_4)
FNDA:62,(anonymous_5)
FNDA:3,(anonymous_6)
FNDA:5,(anonymous_7)
FNDA:100,(anonymous_8)
FNDA:5,(anonymous_9)
FNDA:100,(anonymous_10)
FNDA:0,(anonymous_11)
FNDA:5,(anonymous_12)
FNDA:1,(anonymous_13)
FNDA:1,(anonymous_14)
FNDA:1,(anonymous_15)
FNDA:1,(anonymous_16)
FNDA:1,(anonymous_17)
FNDA:1,(anonymous_18)
FNDA:1,(anonymous_19)
FNDA:1,(anonymous_20)
FNDA:1,(anonymous_21)
DA:26,5
DA:27,5
DA:44,5
DA:45,5
DA:46,5
DA:47,5
DA:48,5
DA:49,5
DA:53,5
DA:54,5
DA:57,5
DA:58,0
DA:59,0
DA:67,13
DA:68,13
DA:71,13
DA:79,3
DA:81,3
DA:82,3
DA:83,3
DA:84,3
DA:87,3
DA:90,0
DA:104,0
DA:106,0
DA:109,3
DA:110,62
DA:111,62
DA:113,62
DA:114,62
DA:115,0
DA:116,0
DA:118,0
DA:122,3
DA:123,30
DA:124,10
DA:128,3
DA:150,5
DA:151,100
DA:158,5
DA:159,5
DA:161,0
DA:166,5
DA:167,5
DA:168,5
DA:169,5
DA:170,5
DA:171,100
DA:172,0
DA:174,100
DA:176,5
DA:178,5
DA:179,50
DA:180,50
DA:184,5
DA:202,1
DA:203,1
DA:211,1
DA:212,1
DA:213,1
DA:226,1
DA:227,1
DA:230,1
DA:231,1
DA:239,1
DA:246,1
LF:66
LH:56
BRDA:71,0,0,3
BRDA:71,0,1,10
BRDA:72,1,0,13
BRDA:72,1,1,12
BRDA:72,1,2,12
BRDA:72,1,3,11
BRDA:72,1,4,10
BRDA:82,2,0,1
BRDA:82,2,1,2
BRDA:87,3,0,2
BRDA:87,3,1,1
BRDA:90,4,0,0
BRDA:90,4,1,0
BRDA:91,5,0,0
BRDA:91,5,1,0
BRDA:91,5,2,0
BRDA:91,5,3,0
BRDA:113,6,0,62
BRDA:113,6,1,0
BRDA:115,7,0,0
BRDA:115,7,1,0
BRDA:123,8,0,10
BRDA:123,8,1,20
BRDA:158,9,0,5
BRDA:158,9,1,0
BRDA:158,10,0,5
BRDA:158,10,1,5
BRDA:179,11,0,50
BRDA:179,11,1,0
BRDA:190,12,0,5
BRDA:190,12,1,4
BRDA:193,13,0,5
BRDA:193,13,1,5
BRDA:230,14,0,1
BRDA:230,14,1,0
BRF:35
BRH:23
end_of_record
